<?xml version="1.0" encoding="UTF-8"?>
<!-- Generated by org.testng.reporters.JUnitXMLReporter -->
<testsuite ignored="0" hostname="DESKTOP-61QF0TL" failures="1" tests="1" name="Chrome Test" time="12.726" errors="0" timestamp="2024-09-12T07:38:25 IST">
  <testcase classname="testscripts.Category_TestCase" name="enterValues" time="5.353">
    <failure type="org.openqa.selenium.InvalidArgumentException" message="invalid argument: File not found : C:\Users\rahul\git\rb_repo4_supermart7\Supermarket_7rmart\src\test\resources\img1.jpg
  (Session info: chrome=128.0.6613.121)
Build info: version: &amp;apos;4.21.0&amp;apos;, revision: &amp;apos;79ed462ef4&amp;apos;
System info: os.name: &amp;apos;Windows 10&amp;apos;, os.arch: &amp;apos;amd64&amp;apos;, os.version: &amp;apos;10.0&amp;apos;, java.version: &amp;apos;17.0.11&amp;apos;
Driver info: org.openqa.selenium.chrome.ChromeDriver
Command: [07d88e218b5fe1d94852d2b738745e84, sendKeysToElement {id=f.BB3BEFA52555BC424C5488EF956BAEFC.d.4AA608AE53E18A1AC9FB7DF652F089E8.e.145, value=[Ljava.lang.CharSequence;@3cee53dc}]
Capabilities {acceptInsecureCerts: false, browserName: chrome, browserVersion: 128.0.6613.121, chrome: {chromedriverVersion: 128.0.6613.137 (fe621c5aa2d..., userDataDir: C:\Users\rahul\AppData\Loca...}, fedcm:accounts: true, goog:chromeOptions: {debuggerAddress: localhost:52667}, networkConnectionEnabled: false, pageLoadStrategy: normal, platformName: windows, proxy: Proxy(), se:cdp: ws://localhost:52667/devtoo..., se:cdpVersion: 128.0.6613.121, setWindowRect: true, strictFileInteractability: false, timeouts: {implicit: 0, pageLoad: 300000, script: 30000}, unhandledPromptBehavior: dismiss and notify, webauthn:extension:credBlob: true, webauthn:extension:largeBlob: true, webauthn:extension:minPinLength: true, webauthn:extension:prf: true, webauthn:virtualAuthenticators: true}
Element: [[ChromeDriver: chrome on windows (07d88e218b5fe1d94852d2b738745e84)] -&amp;gt; xpath: //input[@name=&amp;apos;main_img&amp;apos;]]
Session ID: 07d88e218b5fe1d94852d2b738745e84">
      <![CDATA[org.openqa.selenium.InvalidArgumentException: invalid argument: File not found : C:\Users\rahul\git\rb_repo4_supermart7\Supermarket_7rmart\src\test\resources\img1.jpg
  (Session info: chrome=128.0.6613.121)
Build info: version: '4.21.0', revision: '79ed462ef4'
System info: os.name: 'Windows 10', os.arch: 'amd64', os.version: '10.0', java.version: '17.0.11'
Driver info: org.openqa.selenium.chrome.ChromeDriver
Command: [07d88e218b5fe1d94852d2b738745e84, sendKeysToElement {id=f.BB3BEFA52555BC424C5488EF956BAEFC.d.4AA608AE53E18A1AC9FB7DF652F089E8.e.145, value=[Ljava.lang.CharSequence;@3cee53dc}]
Capabilities {acceptInsecureCerts: false, browserName: chrome, browserVersion: 128.0.6613.121, chrome: {chromedriverVersion: 128.0.6613.137 (fe621c5aa2d..., userDataDir: C:\Users\rahul\AppData\Loca...}, fedcm:accounts: true, goog:chromeOptions: {debuggerAddress: localhost:52667}, networkConnectionEnabled: false, pageLoadStrategy: normal, platformName: windows, proxy: Proxy(), se:cdp: ws://localhost:52667/devtoo..., se:cdpVersion: 128.0.6613.121, setWindowRect: true, strictFileInteractability: false, timeouts: {implicit: 0, pageLoad: 300000, script: 30000}, unhandledPromptBehavior: dismiss and notify, webauthn:extension:credBlob: true, webauthn:extension:largeBlob: true, webauthn:extension:minPinLength: true, webauthn:extension:prf: true, webauthn:virtualAuthenticators: true}
Element: [[ChromeDriver: chrome on windows (07d88e218b5fe1d94852d2b738745e84)] -> xpath: //input[@name='main_img']]
Session ID: 07d88e218b5fe1d94852d2b738745e84
at org.openqa.selenium.remote.ErrorCodec.decode(ErrorCodec.java:167)
at org.openqa.selenium.remote.codec.w3c.W3CHttpResponseCodec.decode(W3CHttpResponseCodec.java:138)
at org.openqa.selenium.remote.codec.w3c.W3CHttpResponseCodec.decode(W3CHttpResponseCodec.java:50)
at org.openqa.selenium.remote.HttpCommandExecutor.execute(HttpCommandExecutor.java:190)
at org.openqa.selenium.remote.service.DriverCommandExecutor.invokeExecute(DriverCommandExecutor.java:216)
at org.openqa.selenium.remote.service.DriverCommandExecutor.execute(DriverCommandExecutor.java:174)
at org.openqa.selenium.remote.RemoteWebDriver.execute(RemoteWebDriver.java:518)
at org.openqa.selenium.remote.RemoteWebElement.execute(RemoteWebElement.java:223)
at org.openqa.selenium.remote.RemoteWebElement.sendKeys(RemoteWebElement.java:110)
at org.openqa.selenium.support.pagefactory.internal.LocatingElementHandler.invoke(LocatingElementHandler.java:51)
at jdk.proxy2/jdk.proxy2.$Proxy14.sendKeys(Unknown Source)
at utilities.FileUpload_Utilities.uploadDiscountImageForManageCategory(FileUpload_Utilities.java:23)
at pages.Category_Page.chooseImage(Category_Page.java:65)
at testscripts.Category_TestCase.enterValues(Category_TestCase.java:36)
at java.base/java.util.ArrayList.forEach(ArrayList.java:1511)
... Removed 36 stack frames]]>
    </failure>
  </testcase> <!-- enterValues -->
</testsuite> <!-- Chrome Test -->
