<?xml version="1.0" encoding="UTF-8"?>
<testng-results ignored="0" total="1" passed="0" failed="1" skipped="0">
  <reporter-output>
  </reporter-output>
  <suite started-at="2024-09-12T16:53:38 IST" name="ParallelTesting" finished-at="2024-09-12T16:53:45 IST" duration-ms="7276">
    <groups>
    </groups>
    <test started-at="2024-09-12T16:53:38 IST" name="Chrome Test" finished-at="2024-09-12T16:53:45 IST" duration-ms="7276">
      <class name="testscripts.ManageProduct_TestCase_Delete">
        <test-method is-config="true" signature="intializeMethod(java.lang.String)[pri:0, instance:testscripts.ManageProduct_TestCase_Delete@6dc17b83]" started-at="2024-09-12T16:53:38 IST" name="intializeMethod" finished-at="2024-09-12T16:53:44 IST" duration-ms="5358" status="PASS">
          <params>
            <param index="0">
              <value>
                <![CDATA[Chrome]]>
              </value>
            </param>
          </params>
          <reporter-output>
          </reporter-output>
        </test-method> <!-- intializeMethod -->
        <test-method signature="enterValues()[pri:0, instance:testscripts.ManageProduct_TestCase_Delete@6dc17b83]" started-at="2024-09-12T16:53:44 IST" name="enterValues" finished-at="2024-09-12T16:53:45 IST" duration-ms="1632" status="FAIL">
          <exception class="java.lang.NullPointerException">
            <message>
              <![CDATA[Cannot invoke "org.openqa.selenium.WebElement.getTagName()" because "element" is null]]>
            </message>
            <full-stacktrace>
              <![CDATA[java.lang.NullPointerException: Cannot invoke "org.openqa.selenium.WebElement.getTagName()" because "element" is null
at org.openqa.selenium.support.ui.Select.<init>(Select.java:43)
at pages.ManageProduct_Page.<init>(ManageProduct_Page.java:94)
at pages.AdminUsers_Page.getClickedLocate(AdminUsers_Page.java:80)
at testscripts.ManageProduct_TestCase_Delete.enterValues(ManageProduct_TestCase_Delete.java:22)
at java.base/jdk.internal.reflect.NativeMethodAccessorImpl.invoke0(Native Method)
at java.base/jdk.internal.reflect.NativeMethodAccessorImpl.invoke(NativeMethodAccessorImpl.java:77)
at java.base/jdk.internal.reflect.DelegatingMethodAccessorImpl.invoke(DelegatingMethodAccessorImpl.java:43)
at java.base/java.lang.reflect.Method.invoke(Method.java:568)
at org.testng.internal.MethodInvocationHelper.invokeMethod(MethodInvocationHelper.java:133)
at org.testng.internal.TestInvoker.invokeMethod(TestInvoker.java:598)
at org.testng.internal.TestInvoker.invokeTestMethod(TestInvoker.java:173)
at org.testng.internal.MethodRunner.runInSequence(MethodRunner.java:46)
at org.testng.internal.TestInvoker$MethodInvocationAgent.invoke(TestInvoker.java:824)
at org.testng.internal.TestInvoker.invokeTestMethods(TestInvoker.java:146)
at org.testng.internal.TestMethodWorker.invokeTestMethods(TestMethodWorker.java:146)
at org.testng.internal.TestMethodWorker.run(TestMethodWorker.java:128)
at java.base/java.util.ArrayList.forEach(ArrayList.java:1511)
at org.testng.TestRunner.privateRun(TestRunner.java:794)
at org.testng.TestRunner.run(TestRunner.java:596)
at org.testng.SuiteRunner.runTest(SuiteRunner.java:377)
at org.testng.SuiteRunner.runSequentially(SuiteRunner.java:371)
at org.testng.SuiteRunner.privateRun(SuiteRunner.java:332)
at org.testng.SuiteRunner.run(SuiteRunner.java:276)
at org.testng.SuiteRunnerWorker.runSuite(SuiteRunnerWorker.java:53)
at org.testng.SuiteRunnerWorker.run(SuiteRunnerWorker.java:96)
at org.testng.TestNG.runSuitesSequentially(TestNG.java:1212)
at org.testng.TestNG.runSuitesLocally(TestNG.java:1134)
at org.testng.TestNG.runSuites(TestNG.java:1063)
at org.testng.TestNG.run(TestNG.java:1031)
at org.testng.remote.AbstractRemoteTestNG.run(AbstractRemoteTestNG.java:115)
at org.testng.remote.RemoteTestNG.initAndRun(RemoteTestNG.java:293)
at org.testng.remote.RemoteTestNG.main(RemoteTestNG.java:91)
]]>
            </full-stacktrace>
          </exception> <!-- java.lang.NullPointerException -->
          <reporter-output>
          </reporter-output>
        </test-method> <!-- enterValues -->
        <test-method is-config="true" signature="browserQuit(org.testng.ITestResult)[pri:0, instance:testscripts.ManageProduct_TestCase_Delete@6dc17b83]" started-at="2024-09-12T16:53:45 IST" name="browserQuit" finished-at="2024-09-12T16:53:45 IST" duration-ms="241" status="PASS">
          <params>
            <param index="0">
              <value>
                <![CDATA[[TestResult name=enterValues status=FAILURE method=ManageProduct_TestCase_Delete.enterValues()[pri:0, instance:testscripts.ManageProduct_TestCase_Delete@6dc17b83] output={null}]]]>
              </value>
            </param>
          </params>
          <reporter-output>
          </reporter-output>
        </test-method> <!-- browserQuit -->
      </class> <!-- testscripts.ManageProduct_TestCase_Delete -->
    </test> <!-- Chrome Test -->
  </suite> <!-- ParallelTesting -->
</testng-results>
