<?xml version="1.0" encoding="UTF-8"?>
<testng-results ignored="0" total="1" passed="1" failed="0" skipped="0">
  <reporter-output>
  </reporter-output>
  <suite started-at="2024-09-10T07:33:18 IST" name="ParallelTesting" finished-at="2024-09-10T07:33:31 IST" duration-ms="13491">
    <groups>
    </groups>
    <test started-at="2024-09-10T07:33:18 IST" name="Chrome Test" finished-at="2024-09-10T07:33:31 IST" duration-ms="13491">
      <class name="testscripts.AdminUser_TestCase_Delete">
        <test-method is-config="true" signature="intializeMethod(java.lang.String)[pri:0, instance:testscripts.AdminUser_TestCase_Delete@6dc17b83]" started-at="2024-09-10T07:33:18 IST" name="intializeMethod" finished-at="2024-09-10T07:33:25 IST" duration-ms="7303" status="PASS">
          <params>
            <param index="0">
              <value>
                <![CDATA[Chrome]]>
              </value>
            </param>
          </params>
          <reporter-output>
          </reporter-output>
        </test-method> <!-- intializeMethod -->
        <test-method signature="enterValues()[pri:1, instance:testscripts.AdminUser_TestCase_Delete@6dc17b83]" started-at="2024-09-10T07:33:25 IST" name="enterValues" finished-at="2024-09-10T07:33:30 IST" duration-ms="4870" status="PASS">
          <reporter-output>
          </reporter-output>
        </test-method> <!-- enterValues -->
        <test-method is-config="true" signature="browserQuit(org.testng.ITestResult)[pri:0, instance:testscripts.AdminUser_TestCase_Delete@6dc17b83]" started-at="2024-09-10T07:33:30 IST" name="browserQuit" finished-at="2024-09-10T07:33:31 IST" duration-ms="1255" status="PASS">
          <params>
            <param index="0">
              <value>
                <![CDATA[[TestResult name=enterValues status=SUCCESS method=AdminUser_TestCase_Delete.enterValues()[pri:1, instance:testscripts.AdminUser_TestCase_Delete@6dc17b83] output={null}]]]>
              </value>
            </param>
          </params>
          <reporter-output>
          </reporter-output>
        </test-method> <!-- browserQuit -->
      </class> <!-- testscripts.AdminUser_TestCase_Delete -->
    </test> <!-- Chrome Test -->
  </suite> <!-- ParallelTesting -->
</testng-results>
